# JRE version: OpenJDK Runtime Environment AdoptOpenJDK-11.0.11+9 (11.0.11+9) (build 11.0.11+9)
# Java VM: OpenJDK 64-Bit Server VM AdoptOpenJDK-11.0.11+9 (11.0.11+9, mixed mode, tiered, compressed oops, g1 gc, windows-amd64)
Heap:
 garbage-first heap   total 260096K, used 80914K [0x0000000703e00000, 0x0000000800000000)
  region size 1024K, 64 young (65536K), 7 survivors (7168K)
 Metaspace       used 33908K, capacity 35223K, committed 35456K, reserved 1079296K
  class space    used 4369K, capacity 4906K, committed 4992K, reserved 1048576K
GC Heap History (10 events):
Event: 0.869 GC heap before
{Heap before GC invocations=0 (full 0):
 garbage-first heap   total 260096K, used 23552K [0x0000000703e00000, 0x0000000800000000)
  region size 1024K, 24 young (24576K), 0 survivors (0K)
 Metaspace       used 11919K, capacity 12341K, committed 12416K, reserved 1060864K
  class space    used 1194K, capacity 1339K, committed 1408K, reserved 1048576K
}
Event: 0.873 GC heap after
{Heap after GC invocations=1 (full 0):
 garbage-first heap   total 260096K, used 8323K [0x0000000703e00000, 0x0000000800000000)
  region size 1024K, 3 young (3072K), 3 survivors (3072K)
 Metaspace       used 11919K, capacity 12341K, committed 12416K, reserved 1060864K
  class space    used 1194K, capacity 1339K, committed 1408K, reserved 1048576K
}
Event: 1.010 GC heap before
{Heap before GC invocations=1 (full 0):
 garbage-first heap   total 260096K, used 17539K [0x0000000703e00000, 0x0000000800000000)
  region size 1024K, 12 young (12288K), 3 survivors (3072K)
 Metaspace       used 15237K, capacity 15686K, committed 15872K, reserved 1062912K
  class space    used 1558K, capacity 1725K, committed 1792K, reserved 1048576K
}
Event: 1.013 GC heap after
{Heap after GC invocations=2 (full 0):
 garbage-first heap   total 260096K, used 9862K [0x0000000703e00000, 0x0000000800000000)
  region size 1024K, 2 young (2048K), 2 survivors (2048K)
 Metaspace       used 15237K, capacity 15686K, committed 15872K, reserved 1062912K
  class space    used 1558K, capacity 1725K, committed 1792K, reserved 1048576K
}
Event: 1.663 GC heap before
{Heap before GC invocations=2 (full 0):
 garbage-first heap   total 260096K, used 55942K [0x0000000703e00000, 0x0000000800000000)
  region size 1024K, 40 young (40960K), 2 survivors (2048K)
 Metaspace       used 20499K, capacity 21136K, committed 21248K, reserved 1069056K
  class space    used 2282K, capacity 2522K, committed 2560K, reserved 1048576K
}
Event: 1.666 GC heap after
{Heap after GC invocations=3 (full 0):
 garbage-first heap   total 260096K, used 14531K [0x0000000703e00000, 0x0000000800000000)
  region size 1024K, 3 young (3072K), 3 survivors (3072K)
 Metaspace       used 20499K, capacity 21136K, committed 21248K, reserved 1069056K
  class space    used 2282K, capacity 2522K, committed 2560K, reserved 1048576K
}
Event: 1.672 GC heap before
{Heap before GC invocations=3 (full 0):
 garbage-first heap   total 260096K, used 14531K [0x0000000703e00000, 0x0000000800000000)
  region size 1024K, 4 young (4096K), 3 survivors (3072K)
 Metaspace       used 20592K, capacity 21232K, committed 21248K, reserved 1069056K
  class space    used 2294K, capacity 2554K, committed 2560K, reserved 1048576K
}
Event: 1.675 GC heap after
{Heap after GC invocations=4 (full 0):
 garbage-first heap   total 260096K, used 14668K [0x0000000703e00000, 0x0000000800000000)
  region size 1024K, 3 young (3072K), 3 survivors (3072K)
 Metaspace       used 20592K, capacity 21232K, committed 21248K, reserved 1069056K
  class space    used 2294K, capacity 2554K, committed 2560K, reserved 1048576K
}
Event: 12.713 GC heap before
{Heap before GC invocations=5 (full 0):
 garbage-first heap   total 260096K, used 78156K [0x0000000703e00000, 0x0000000800000000)
  region size 1024K, 60 young (61440K), 3 survivors (3072K)
 Metaspace       used 30863K, capacity 31920K, committed 32256K, reserved 1077248K
  class space    used 3794K, capacity 4236K, committed 4352K, reserved 1048576K
}
Event: 12.718 GC heap after
{Heap after GC invocations=6 (full 0):
 garbage-first heap   total 260096K, used 24594K [0x0000000703e00000, 0x0000000800000000)
  region size 1024K, 7 young (7168K), 7 survivors (7168K)
 Metaspace       used 30863K, capacity 31920K, committed 32256K, reserved 1077248K
  class space    used 3794K, capacity 4236K, committed 4352K, reserved 1048576K
}

