# JRE version: OpenJDK Runtime Environment AdoptOpenJDK-11.0.11+9 (11.0.11+9) (build 11.0.11+9)
# Java VM: OpenJDK 64-Bit Server VM AdoptOpenJDK-11.0.11+9 (11.0.11+9, mixed mode, tiered, compressed oops, g1 gc, windows-amd64)
Heap:
 garbage-first heap   total 260096K, used 54822K [0x0000000703e00000, 0x0000000800000000)
  region size 1024K, 38 young (38912K), 9 survivors (9216K)
 Metaspace       used 32720K, capacity 33927K, committed 34176K, reserved 1079296K
  class space    used 3967K, capacity 4474K, committed 4480K, reserved 1048576K
GC Heap History (8 events):
Event: 0.810 GC heap before
{Heap before GC invocations=0 (full 0):
 garbage-first heap   total 260096K, used 23552K [0x0000000703e00000, 0x0000000800000000)
  region size 1024K, 24 young (24576K), 0 survivors (0K)
 Metaspace       used 11926K, capacity 12341K, committed 12416K, reserved 1060864K
  class space    used 1194K, capacity 1339K, committed 1408K, reserved 1048576K
}
Event: 0.813 GC heap after
{Heap after GC invocations=1 (full 0):
 garbage-first heap   total 260096K, used 8210K [0x0000000703e00000, 0x0000000800000000)
  region size 1024K, 3 young (3072K), 3 survivors (3072K)
 Metaspace       used 11926K, capacity 12341K, committed 12416K, reserved 1060864K
  class space    used 1194K, capacity 1339K, committed 1408K, reserved 1048576K
}
Event: 0.999 GC heap before
{Heap before GC invocations=1 (full 0):
 garbage-first heap   total 260096K, used 26642K [0x0000000703e00000, 0x0000000800000000)
  region size 1024K, 21 young (21504K), 3 survivors (3072K)
 Metaspace       used 16018K, capacity 16519K, committed 16768K, reserved 1064960K
  class space    used 1657K, capacity 1827K, committed 1920K, reserved 1048576K
}
Event: 1.001 GC heap after
{Heap after GC invocations=2 (full 0):
 garbage-first heap   total 260096K, used 10454K [0x0000000703e00000, 0x0000000800000000)
  region size 1024K, 3 young (3072K), 3 survivors (3072K)
 Metaspace       used 16018K, capacity 16519K, committed 16768K, reserved 1064960K
  class space    used 1657K, capacity 1827K, committed 1920K, reserved 1048576K
}
Event: 1.412 GC heap before
{Heap before GC invocations=2 (full 0):
 garbage-first heap   total 260096K, used 47318K [0x0000000703e00000, 0x0000000800000000)
  region size 1024K, 34 young (34816K), 3 survivors (3072K)
 Metaspace       used 20581K, capacity 21232K, committed 21248K, reserved 1069056K
  class space    used 2293K, capacity 2554K, committed 2560K, reserved 1048576K
}
Event: 1.415 GC heap after
{Heap after GC invocations=3 (full 0):
 garbage-first heap   total 260096K, used 14357K [0x0000000703e00000, 0x0000000800000000)
  region size 1024K, 3 young (3072K), 3 survivors (3072K)
 Metaspace       used 20581K, capacity 21232K, committed 21248K, reserved 1069056K
  class space    used 2293K, capacity 2554K, committed 2560K, reserved 1048576K
}
Event: 18.774 GC heap before
{Heap before GC invocations=4 (full 0):
 garbage-first heap   total 260096K, used 181269K [0x0000000703e00000, 0x0000000800000000)
  region size 1024K, 152 young (155648K), 3 survivors (3072K)
 Metaspace       used 32323K, capacity 33500K, committed 33664K, reserved 1079296K
  class space    used 3933K, capacity 4439K, committed 4480K, reserved 1048576K
}
Event: 18.779 GC heap after
{Heap after GC invocations=5 (full 0):
 garbage-first heap   total 260096K, used 26150K [0x0000000703e00000, 0x0000000800000000)
  region size 1024K, 9 young (9216K), 9 survivors (9216K)
 Metaspace       used 32323K, capacity 33500K, committed 33664K, reserved 1079296K
  class space    used 3933K, capacity 4439K, committed 4480K, reserved 1048576K
}

